  [1m[36mActiveRecord::SchemaMigration Load (5.5ms)[0m  [1m[34mSELECT `schema_migrations`.`version` FROM `schema_migrations` ORDER BY `schema_migrations`.`version` ASC[0m
  [1m[35m (0.0ms)[0m  [1m[34mSELECT GET_LOCK('3949880847653096370', 0)[0m
  [1m[36mActiveRecord::SchemaMigration Load (0.1ms)[0m  [1m[34mSELECT `schema_migrations`.`version` FROM `schema_migrations` ORDER BY `schema_migrations`.`version` ASC[0m
  [1m[36mActiveRecord::InternalMetadata Load (1.7ms)[0m  [1m[34mSELECT * FROM `ar_internal_metadata` WHERE `ar_internal_metadata`.`key` = 'environment' ORDER BY `ar_internal_metadata`.`key` ASC LIMIT 1[0m
Migrating to DeviseCreateUsers (20251001080926)
  [1m[35m (0.6ms)[0m  [1m[35mCREATE TABLE `users` (`id` bigint NOT NULL AUTO_INCREMENT PRIMARY KEY, `email` varchar(255) DEFAULT '' NOT NULL, `encrypted_password` varchar(255) DEFAULT '' NOT NULL, `reset_password_token` varchar(255), `reset_password_sent_at` datetime(6), `remember_created_at` datetime(6), `created_at` datetime(6) NOT NULL, `updated_at` datetime(6) NOT NULL)[0m
  [1m[35m (0.1ms)[0m  [1m[34mSELECT RELEASE_LOCK('3949880847653096370')[0m
  [1m[36mActiveRecord::SchemaMigration Load (0.2ms)[0m  [1m[34mSELECT `schema_migrations`.`version` FROM `schema_migrations` ORDER BY `schema_migrations`.`version` ASC[0m
  [1m[35m (0.0ms)[0m  [1m[34mSELECT GET_LOCK('3949880847653096370', 0)[0m
  [1m[36mActiveRecord::SchemaMigration Load (0.1ms)[0m  [1m[34mSELECT `schema_migrations`.`version` FROM `schema_migrations` ORDER BY `schema_migrations`.`version` ASC[0m
  [1m[36mActiveRecord::InternalMetadata Load (0.4ms)[0m  [1m[34mSELECT * FROM `ar_internal_metadata` WHERE `ar_internal_metadata`.`key` = 'environment' ORDER BY `ar_internal_metadata`.`key` ASC LIMIT 1[0m
Migrating to DeviseCreateUsers (20251001080926)
  [1m[35m (0.3ms)[0m  [1m[35mCREATE TABLE `users` (`id` bigint NOT NULL AUTO_INCREMENT PRIMARY KEY, `email` varchar(255) DEFAULT '' NOT NULL, `encrypted_password` varchar(255) DEFAULT '' NOT NULL, `reset_password_token` varchar(255), `reset_password_sent_at` datetime(6), `remember_created_at` datetime(6), `created_at` datetime(6) NOT NULL, `updated_at` datetime(6) NOT NULL)[0m
  [1m[35m (0.1ms)[0m  [1m[34mSELECT RELEASE_LOCK('3949880847653096370')[0m
  [1m[35m (0.0ms)[0m  [1m[34mSELECT GET_LOCK('3949880847653096370', 0)[0m
  [1m[36mActiveRecord::SchemaMigration Load (0.1ms)[0m  [1m[34mSELECT `schema_migrations`.`version` FROM `schema_migrations` ORDER BY `schema_migrations`.`version` ASC[0m
  [1m[36mActiveRecord::InternalMetadata Load (0.1ms)[0m  [1m[34mSELECT * FROM `ar_internal_metadata` WHERE `ar_internal_metadata`.`key` = 'environment' ORDER BY `ar_internal_metadata`.`key` ASC LIMIT 1[0m
Migrating to DeviseCreateUsers (20251001080926)
  [1m[35m (0.3ms)[0m  [1m[35mCREATE TABLE `users` (`id` bigint NOT NULL AUTO_INCREMENT PRIMARY KEY, `email` varchar(255) DEFAULT '' NOT NULL, `encrypted_password` varchar(255) DEFAULT '' NOT NULL, `reset_password_token` varchar(255), `reset_password_sent_at` datetime(6), `remember_created_at` datetime(6), `created_at` datetime(6) NOT NULL, `updated_at` datetime(6) NOT NULL)[0m
  [1m[35m (0.1ms)[0m  [1m[34mSELECT RELEASE_LOCK('3949880847653096370')[0m
  [1m[36mActiveRecord::SchemaMigration Load (0.1ms)[0m  [1m[34mSELECT `schema_migrations`.`version` FROM `schema_migrations` ORDER BY `schema_migrations`.`version` ASC[0m
  [1m[36mActiveRecord::SchemaMigration Load (0.1ms)[0m  [1m[34mSELECT `schema_migrations`.`version` FROM `schema_migrations` ORDER BY `schema_migrations`.`version` ASC[0m
  [1m[36mActiveRecord::InternalMetadata Load (0.1ms)[0m  [1m[34mSELECT * FROM `ar_internal_metadata` WHERE `ar_internal_metadata`.`key` = 'environment' ORDER BY `ar_internal_metadata`.`key` ASC LIMIT 1[0m
  [1m[36mActiveRecord::SchemaMigration Load (0.1ms)[0m  [1m[34mSELECT `schema_migrations`.`version` FROM `schema_migrations` ORDER BY `schema_migrations`.`version` ASC[0m
  [1m[36mActiveRecord::InternalMetadata Load (0.1ms)[0m  [1m[34mSELECT * FROM `ar_internal_metadata` WHERE `ar_internal_metadata`.`key` = 'environment' ORDER BY `ar_internal_metadata`.`key` ASC LIMIT 1[0m
  [1m[36mActiveRecord::SchemaMigration Load (0.1ms)[0m  [1m[34mSELECT `schema_migrations`.`version` FROM `schema_migrations` ORDER BY `schema_migrations`.`version` ASC[0m
  [1m[36mActiveRecord::InternalMetadata Load (0.1ms)[0m  [1m[34mSELECT * FROM `ar_internal_metadata` WHERE `ar_internal_metadata`.`key` = 'environment' ORDER BY `ar_internal_metadata`.`key` ASC LIMIT 1[0m
  [1m[35m (33.9ms)[0m  [1m[35mDROP DATABASE IF EXISTS `login_development`[0m
  [1m[35m (6.4ms)[0m  [1m[35mDROP DATABASE IF EXISTS `login_test`[0m
  [1m[35m (4.4ms)[0m  [1m[35mCREATE DATABASE `login_development` DEFAULT CHARACTER SET `utf8mb4`[0m
  [1m[35m (3.6ms)[0m  [1m[35mCREATE DATABASE `login_test` DEFAULT CHARACTER SET `utf8mb4`[0m
  [1m[35m (17.8ms)[0m  [1m[35mCREATE TABLE `schema_migrations` (`version` varchar(255) NOT NULL PRIMARY KEY)[0m
  [1m[35m (22.1ms)[0m  [1m[35mCREATE TABLE `ar_internal_metadata` (`key` varchar(255) NOT NULL PRIMARY KEY, `value` varchar(255), `created_at` datetime(6) NOT NULL, `updated_at` datetime(6) NOT NULL)[0m
  [1m[35m (0.5ms)[0m  [1m[34mSELECT GET_LOCK('3949880847653096370', 0)[0m
  [1m[36mActiveRecord::SchemaMigration Load (2.0ms)[0m  [1m[34mSELECT `schema_migrations`.`version` FROM `schema_migrations` ORDER BY `schema_migrations`.`version` ASC[0m
  [1m[36mActiveRecord::InternalMetadata Load (1.8ms)[0m  [1m[34mSELECT * FROM `ar_internal_metadata` WHERE `ar_internal_metadata`.`key` = 'environment' ORDER BY `ar_internal_metadata`.`key` ASC LIMIT 1[0m
  [1m[36mActiveRecord::InternalMetadata Create (4.5ms)[0m  [1m[32mINSERT INTO `ar_internal_metadata` (`key`, `value`, `created_at`, `updated_at`) VALUES ('environment', 'development', '2025-10-01 08:28:40.569303', '2025-10-01 08:28:40.569313')[0m
Migrating to DeviseCreateUsers (20251001080926)
  [1m[35m (23.9ms)[0m  [1m[35mCREATE TABLE `users` (`id` bigint NOT NULL AUTO_INCREMENT PRIMARY KEY, `email` varchar(255) DEFAULT '' NOT NULL, `encrypted_password` varchar(255) DEFAULT '' NOT NULL, `reset_password_token` varchar(255), `reset_password_sent_at` datetime(6), `remember_created_at` datetime(6), `created_at` datetime(6) NOT NULL, `updated_at` datetime(6) NOT NULL)[0m
  [1m[35m (20.0ms)[0m  [1m[35mCREATE UNIQUE INDEX `index_users_on_email` ON `users` (`email`)[0m
  [1m[35m (20.0ms)[0m  [1m[35mCREATE UNIQUE INDEX `index_users_on_reset_password_token` ON `users` (`reset_password_token`)[0m
  [1m[36mActiveRecord::SchemaMigration Create (3.0ms)[0m  [1m[32mINSERT INTO `schema_migrations` (`version`) VALUES ('20251001080926')[0m
  [1m[35m (0.3ms)[0m  [1m[34mSELECT RELEASE_LOCK('3949880847653096370')[0m
  [1m[36mActiveRecord::SchemaMigration Load (0.1ms)[0m  [1m[34mSELECT `schema_migrations`.`version` FROM `schema_migrations` ORDER BY `schema_migrations`.`version` ASC[0m
  [1m[36mTRANSACTION (0.1ms)[0m  [1m[35mBEGIN[0m
  [1m[36mUser Exists? (0.2ms)[0m  [1m[34mSELECT 1 AS one FROM `users` WHERE `users`.`email` = CAST('test@gmail.com' AS BINARY) LIMIT 1[0m
  [1m[36mUser Create (0.2ms)[0m  [1m[32mINSERT INTO `users` (`email`, `encrypted_password`, `reset_password_token`, `reset_password_sent_at`, `remember_created_at`, `created_at`, `updated_at`) VALUES ('test@gmail.com', '$2a$12$hpAUUazsqkwfZdVxO2cwIeC8sKrrBT6LSV6QnAfTyS.cAHA4EnXo2', NULL, NULL, NULL, '2025-10-01 08:29:33.382914', '2025-10-01 08:29:33.382914')[0m
  [1m[36mTRANSACTION (5.7ms)[0m  [1m[35mCOMMIT[0m
Started GET "/" for 127.0.0.1 at 2025-10-01 15:29:41 +0700
  [1m[36mActiveRecord::SchemaMigration Load (0.1ms)[0m  [1m[34mSELECT `schema_migrations`.`version` FROM `schema_migrations` ORDER BY `schema_migrations`.`version` ASC[0m
Processing by HomeController#index as HTML
Completed 401 Unauthorized in 5ms (ActiveRecord: 0.0ms | Allocations: 5386)


Started GET "/users/login" for 127.0.0.1 at 2025-10-01 15:29:41 +0700
Processing by Devise::SessionsController#new as HTML
  Rendering layout layouts/application.html.erb
  Rendering devise/sessions/new.html.erb within layouts/application
  Rendered devise/shared/_links.html.erb (Duration: 0.5ms | Allocations: 444)
  Rendered devise/sessions/new.html.erb within layouts/application (Duration: 4.5ms | Allocations: 4006)
  Rendered layout layouts/application.html.erb (Duration: 246.3ms | Allocations: 107613)
Completed 200 OK in 277ms (Views: 252.9ms | ActiveRecord: 2.2ms | Allocations: 137891)


Started POST "/users/login" for 127.0.0.1 at 2025-10-01 15:29:56 +0700
Processing by Devise::SessionsController#create as TURBO_STREAM
  Parameters: {"authenticity_token"=>"[FILTERED]", "user"=>{"email"=>"test@gmail.com", "password"=>"[FILTERED]", "remember_me"=>"0"}, "commit"=>"Đăng nhập"}
  [1m[36mUser Load (0.2ms)[0m  [1m[34mSELECT `users`.* FROM `users` WHERE `users`.`email` = 'test@gmail.com' ORDER BY `users`.`id` ASC LIMIT 1[0m
Redirected to http://127.0.0.1:3000/
Completed 303 See Other in 207ms (ActiveRecord: 0.2ms | Allocations: 10651)


Started GET "/" for 127.0.0.1 at 2025-10-01 15:29:56 +0700
Processing by HomeController#index as TURBO_STREAM
  [1m[36mUser Load (0.2ms)[0m  [1m[34mSELECT `users`.* FROM `users` WHERE `users`.`id` = 1 ORDER BY `users`.`id` ASC LIMIT 1[0m
  Rendering layout layouts/application.html.erb
  Rendering home/index.html.erb within layouts/application
  Rendered home/index.html.erb within layouts/application (Duration: 0.6ms | Allocations: 896)
  Rendered layout layouts/application.html.erb (Duration: 1.5ms | Allocations: 2327)
Completed 200 OK in 4ms (Views: 2.3ms | ActiveRecord: 0.2ms | Allocations: 4929)


Started GET "/" for 127.0.0.1 at 2025-10-01 15:30:03 +0700
Processing by HomeController#index as HTML
  [1m[36mUser Load (0.5ms)[0m  [1m[34mSELECT `users`.* FROM `users` WHERE `users`.`id` = 1 ORDER BY `users`.`id` ASC LIMIT 1[0m
  Rendering layout layouts/application.html.erb
  Rendering home/index.html.erb within layouts/application
  Rendered home/index.html.erb within layouts/application (Duration: 0.6ms | Allocations: 115)
  Rendered layout layouts/application.html.erb (Duration: 2.9ms | Allocations: 1314)
Completed 200 OK in 9ms (Views: 3.8ms | ActiveRecord: 0.5ms | Allocations: 3135)


Started GET "/" for 127.0.0.1 at 2025-10-01 15:30:04 +0700
Processing by HomeController#index as HTML
  [1m[36mUser Load (1.0ms)[0m  [1m[34mSELECT `users`.* FROM `users` WHERE `users`.`id` = 1 ORDER BY `users`.`id` ASC LIMIT 1[0m
  Rendering layout layouts/application.html.erb
  Rendering home/index.html.erb within layouts/application
  Rendered home/index.html.erb within layouts/application (Duration: 1.6ms | Allocations: 115)
  Rendered layout layouts/application.html.erb (Duration: 3.8ms | Allocations: 1314)
Completed 200 OK in 15ms (Views: 5.1ms | ActiveRecord: 0.9ms | Allocations: 2925)


Started GET "/" for 127.0.0.1 at 2025-10-01 15:30:04 +0700
Processing by HomeController#index as HTML
  [1m[36mUser Load (0.7ms)[0m  [1m[34mSELECT `users`.* FROM `users` WHERE `users`.`id` = 1 ORDER BY `users`.`id` ASC LIMIT 1[0m
  Rendering layout layouts/application.html.erb
  Rendering home/index.html.erb within layouts/application
  Rendered home/index.html.erb within layouts/application (Duration: 1.3ms | Allocations: 115)
  Rendered layout layouts/application.html.erb (Duration: 6.6ms | Allocations: 1314)
Completed 200 OK in 16ms (Views: 7.7ms | ActiveRecord: 0.7ms | Allocations: 2913)


Started GET "/" for 127.0.0.1 at 2025-10-01 15:30:05 +0700
Processing by HomeController#index as HTML
  [1m[36mUser Load (0.8ms)[0m  [1m[34mSELECT `users`.* FROM `users` WHERE `users`.`id` = 1 ORDER BY `users`.`id` ASC LIMIT 1[0m
  Rendering layout layouts/application.html.erb
  Rendering home/index.html.erb within layouts/application
  Rendered home/index.html.erb within layouts/application (Duration: 1.9ms | Allocations: 115)
  Rendered layout layouts/application.html.erb (Duration: 7.5ms | Allocations: 1314)
Completed 200 OK in 18ms (Views: 9.1ms | ActiveRecord: 0.8ms | Allocations: 2901)


Started GET "/" for 127.0.0.1 at 2025-10-01 15:30:05 +0700
Processing by HomeController#index as HTML
  [1m[36mUser Load (0.7ms)[0m  [1m[34mSELECT `users`.* FROM `users` WHERE `users`.`id` = 1 ORDER BY `users`.`id` ASC LIMIT 1[0m
  Rendering layout layouts/application.html.erb
  Rendering home/index.html.erb within layouts/application
  Rendered home/index.html.erb within layouts/application (Duration: 1.8ms | Allocations: 115)
  Rendered layout layouts/application.html.erb (Duration: 6.8ms | Allocations: 1314)
Completed 200 OK in 16ms (Views: 8.0ms | ActiveRecord: 0.7ms | Allocations: 2920)


Started GET "/users/logout" for 127.0.0.1 at 2025-10-01 15:30:05 +0700
  
ActionController::RoutingError (No route matches [GET] "/users/logout"):
  
Started GET "/" for 127.0.0.1 at 2025-10-01 15:30:45 +0700
Processing by HomeController#index as HTML
  [1m[36mUser Load (0.5ms)[0m  [1m[34mSELECT `users`.* FROM `users` WHERE `users`.`id` = 1 ORDER BY `users`.`id` ASC LIMIT 1[0m
  Rendering layout layouts/application.html.erb
  Rendering home/index.html.erb within layouts/application
  Rendered home/index.html.erb within layouts/application (Duration: 0.8ms | Allocations: 161)
  Rendered layout layouts/application.html.erb (Duration: 3.9ms | Allocations: 1487)
Completed 200 OK in 10ms (Views: 5.3ms | ActiveRecord: 0.5ms | Allocations: 3336)


Started GET "/" for 127.0.0.1 at 2025-10-01 15:30:53 +0700
Processing by HomeController#index as HTML
  [1m[36mUser Load (0.8ms)[0m  [1m[34mSELECT `users`.* FROM `users` WHERE `users`.`id` = 1 ORDER BY `users`.`id` ASC LIMIT 1[0m
  Rendering layout layouts/application.html.erb
  Rendering home/index.html.erb within layouts/application
  Rendered home/index.html.erb within layouts/application (Duration: 0.8ms | Allocations: 115)
  Rendered layout layouts/application.html.erb (Duration: 4.6ms | Allocations: 1314)
Completed 200 OK in 12ms (Views: 6.0ms | ActiveRecord: 0.7ms | Allocations: 2902)


Started GET "/" for 127.0.0.1 at 2025-10-01 15:34:57 +0700
Processing by HomeController#index as HTML
  [1m[36mUser Load (0.1ms)[0m  [1m[34mSELECT `users`.* FROM `users` WHERE `users`.`id` = 1 ORDER BY `users`.`id` ASC LIMIT 1[0m
  Rendering layout layouts/application.html.erb
  Rendering home/index.html.erb within layouts/application
  Rendered home/index.html.erb within layouts/application (Duration: 0.6ms | Allocations: 823)
  Rendered layout layouts/application.html.erb (Duration: 7.0ms | Allocations: 16567)
Completed 200 OK in 15ms (Views: 7.8ms | ActiveRecord: 1.7ms | Allocations: 26133)


Started DELETE "/users/logout?_method=delete" for 127.0.0.1 at 2025-10-01 15:35:01 +0700
Processing by Devise::SessionsController#destroy as TURBO_STREAM
  [1m[36mUser Load (1.0ms)[0m  [1m[34mSELECT `users`.* FROM `users` WHERE `users`.`id` = 1 ORDER BY `users`.`id` ASC LIMIT 1[0m
Redirected to http://127.0.0.1:3000/users/login
Completed 303 See Other in 14ms (ActiveRecord: 1.0ms | Allocations: 3467)


Started GET "/users/login" for 127.0.0.1 at 2025-10-01 15:35:01 +0700
Processing by Devise::SessionsController#new as TURBO_STREAM
  Rendering layout layouts/application.html.erb
  Rendering devise/sessions/new.html.erb within layouts/application
  Rendered devise/shared/_links.html.erb (Duration: 0.8ms | Allocations: 369)
  Rendered devise/sessions/new.html.erb within layouts/application (Duration: 4.5ms | Allocations: 1865)
  Rendered layout layouts/application.html.erb (Duration: 6.1ms | Allocations: 3264)
Completed 200 OK in 10ms (Views: 8.7ms | ActiveRecord: 0.0ms | Allocations: 4873)


Started GET "/" for 127.0.0.1 at 2025-10-01 15:35:11 +0700
Processing by HomeController#index as HTML
Completed 401 Unauthorized in 2ms (ActiveRecord: 0.0ms | Allocations: 396)


Started GET "/users/login" for 127.0.0.1 at 2025-10-01 15:35:11 +0700
Processing by Devise::SessionsController#new as HTML
  Rendering layout layouts/application.html.erb
  Rendering devise/sessions/new.html.erb within layouts/application
  Rendered devise/shared/_links.html.erb (Duration: 0.2ms | Allocations: 80)
  Rendered devise/sessions/new.html.erb within layouts/application (Duration: 1.3ms | Allocations: 644)
  Rendered layout layouts/application.html.erb (Duration: 2.6ms | Allocations: 1825)
Completed 200 OK in 4ms (Views: 3.2ms | ActiveRecord: 0.0ms | Allocations: 2565)


Started POST "/users/login" for 127.0.0.1 at 2025-10-01 15:35:16 +0700
Processing by Devise::SessionsController#create as TURBO_STREAM
  Parameters: {"authenticity_token"=>"[FILTERED]", "user"=>{"email"=>"test@gmail.com", "password"=>"[FILTERED]", "remember_me"=>"0"}, "commit"=>"Đăng nhập"}
  [1m[36mUser Load (0.2ms)[0m  [1m[34mSELECT `users`.* FROM `users` WHERE `users`.`email` = 'test@gmail.com' ORDER BY `users`.`id` ASC LIMIT 1[0m
Redirected to http://127.0.0.1:3000/
Completed 303 See Other in 201ms (ActiveRecord: 0.2ms | Allocations: 2948)


Started GET "/" for 127.0.0.1 at 2025-10-01 15:35:16 +0700
Processing by HomeController#index as TURBO_STREAM
  [1m[36mUser Load (0.2ms)[0m  [1m[34mSELECT `users`.* FROM `users` WHERE `users`.`id` = 1 ORDER BY `users`.`id` ASC LIMIT 1[0m
  Rendering layout layouts/application.html.erb
  Rendering home/index.html.erb within layouts/application
  Rendered home/index.html.erb within layouts/application (Duration: 0.2ms | Allocations: 138)
  Rendered layout layouts/application.html.erb (Duration: 1.0ms | Allocations: 1354)
Completed 200 OK in 3ms (Views: 1.3ms | ActiveRecord: 0.2ms | Allocations: 3020)


Started GET "/" for 127.0.0.1 at 2025-10-01 15:35:20 +0700
Processing by HomeController#index as HTML
  [1m[36mUser Load (0.7ms)[0m  [1m[34mSELECT `users`.* FROM `users` WHERE `users`.`id` = 1 ORDER BY `users`.`id` ASC LIMIT 1[0m
  Rendering layout layouts/application.html.erb
  Rendering home/index.html.erb within layouts/application
  Rendered home/index.html.erb within layouts/application (Duration: 0.5ms | Allocations: 120)
  Rendered layout layouts/application.html.erb (Duration: 2.6ms | Allocations: 1328)
Completed 200 OK in 10ms (Views: 3.3ms | ActiveRecord: 0.7ms | Allocations: 2922)


  [1m[36mActiveRecord::SchemaMigration Load (0.1ms)[0m  [1m[34mSELECT `schema_migrations`.`version` FROM `schema_migrations` ORDER BY `schema_migrations`.`version` ASC[0m
Started GET "/" for 127.0.0.1 at 2025-10-01 15:45:13 +0700
  [1m[36mActiveRecord::SchemaMigration Load (0.1ms)[0m  [1m[34mSELECT `schema_migrations`.`version` FROM `schema_migrations` ORDER BY `schema_migrations`.`version` ASC[0m
Processing by HomeController#index as HTML
  [1m[36mUser Load (0.1ms)[0m  [1m[34mSELECT `users`.* FROM `users` WHERE `users`.`id` = 1 ORDER BY `users`.`id` ASC LIMIT 1[0m
  Rendering layout layouts/application.html.erb
  Rendering home/index.html.erb within layouts/application
  Rendered home/index.html.erb within layouts/application (Duration: 1.4ms | Allocations: 1082)
  Rendered layout layouts/application.html.erb (Duration: 33.3ms | Allocations: 35504)
Completed 200 OK in 53ms (Views: 35.1ms | ActiveRecord: 1.9ms | Allocations: 73931)


Started DELETE "/users/logout?_method=delete" for 127.0.0.1 at 2025-10-01 15:45:16 +0700
Processing by Devise::SessionsController#destroy as TURBO_STREAM
  [1m[36mUser Load (0.4ms)[0m  [1m[34mSELECT `users`.* FROM `users` WHERE `users`.`id` = 1 ORDER BY `users`.`id` ASC LIMIT 1[0m
Redirected to http://127.0.0.1:3000/users/login
Completed 303 See Other in 7ms (ActiveRecord: 0.4ms | Allocations: 3592)


Started GET "/users/login" for 127.0.0.1 at 2025-10-01 15:45:16 +0700
Processing by Devise::SessionsController#new as TURBO_STREAM
  Rendering layout layouts/application.html.erb
  Rendering devise/sessions/new.html.erb within layouts/application
  Rendered devise/shared/_links.html.erb (Duration: 0.6ms | Allocations: 435)
  Rendered devise/sessions/new.html.erb within layouts/application (Duration: 6.9ms | Allocations: 3994)
  Rendered layout layouts/application.html.erb (Duration: 8.1ms | Allocations: 5418)
Completed 200 OK in 12ms (Views: 10.0ms | ActiveRecord: 0.0ms | Allocations: 7557)


Started POST "/users/login" for 127.0.0.1 at 2025-10-01 15:45:19 +0700
Processing by Devise::SessionsController#create as TURBO_STREAM
  Parameters: {"authenticity_token"=>"[FILTERED]", "user"=>{"email"=>"test@gmail.com", "password"=>"[FILTERED]", "remember_me"=>"0"}, "commit"=>"Đăng nhập"}
  [1m[36mUser Load (0.3ms)[0m  [1m[34mSELECT `users`.* FROM `users` WHERE `users`.`email` = 'test@gmail.com' ORDER BY `users`.`id` ASC LIMIT 1[0m
Redirected to http://127.0.0.1:3000/
Completed 303 See Other in 217ms (ActiveRecord: 0.3ms | Allocations: 5444)


Started GET "/" for 127.0.0.1 at 2025-10-01 15:45:19 +0700
Processing by HomeController#index as TURBO_STREAM
  [1m[36mUser Load (0.2ms)[0m  [1m[34mSELECT `users`.* FROM `users` WHERE `users`.`id` = 1 ORDER BY `users`.`id` ASC LIMIT 1[0m
  Rendering layout layouts/application.html.erb
  Rendering home/index.html.erb within layouts/application
  Rendered home/index.html.erb within layouts/application (Duration: 0.2ms | Allocations: 167)
  Rendered layout layouts/application.html.erb (Duration: 1.1ms | Allocations: 1519)
Completed 200 OK in 3ms (Views: 1.3ms | ActiveRecord: 0.2ms | Allocations: 3422)


Started GET "/" for 127.0.0.1 at 2025-10-01 15:46:22 +0700
Processing by HomeController#index as HTML
  [1m[36mUser Load (0.5ms)[0m  [1m[34mSELECT `users`.* FROM `users` WHERE `users`.`id` = 1 ORDER BY `users`.`id` ASC LIMIT 1[0m
  Rendering layout layouts/application.html.erb
  Rendering home/index.html.erb within layouts/application
  Rendered home/index.html.erb within layouts/application (Duration: 0.4ms | Allocations: 120)
  Rendered layout layouts/application.html.erb (Duration: 3.6ms | Allocations: 1330)
Completed 200 OK in 7ms (Views: 4.2ms | ActiveRecord: 0.5ms | Allocations: 2919)


